<?xml version="1.0" encoding="UTF-8"?>
<testng-results skipped="0" failed="0" ignored="0" total="1" passed="1">
  <reporter-output>
  </reporter-output>
  <suite name="Default suite" duration-ms="46792" started-at="2018-05-06T13:24:06Z" finished-at="2018-05-06T13:24:53Z">
    <groups>
    </groups>
    <test name="Default test" duration-ms="46792" started-at="2018-05-06T13:24:06Z" finished-at="2018-05-06T13:24:53Z">
      <class name="com.demo.tests.DemoTest">
        <test-method status="PASS" signature="setUp()[pri:0, instance:com.demo.tests.DemoTest@66d1af89]" name="setUp" is-config="true" duration-ms="22176" started-at="2018-05-06T13:24:06Z" finished-at="2018-05-06T13:24:29Z">
          <reporter-output>
          </reporter-output>
        </test-method> <!-- setUp -->
        <test-method status="PASS" signature="test()[pri:0, instance:com.demo.tests.DemoTest@66d1af89]" name="test" duration-ms="24588" started-at="2018-05-06T13:24:29Z" finished-at="2018-05-06T13:24:53Z">
          <reporter-output>
          </reporter-output>
        </test-method> <!-- test -->
      </class> <!-- com.demo.tests.DemoTest -->
    </test> <!-- Default test -->
  </suite> <!-- Default suite -->
</testng-results>
